This is pdfTeX, Version 3.14159265-2.6-1.40.16 (TeX Live 2015) (preloaded format=pdftex 2015.5.24)  4 APR 2017 13:18
entering extended mode
 restricted \write18 enabled.
 file:line:error style messages enabled.
 %&-line parsing enabled.
**/Users/Devon/Documents/Waterloo/midSun/MechGitRepo/SpringRateProject/LaTex/bib.bib
(/Users/Devon/Documents/Waterloo/midSun/MechGitRepo/SpringRateProject/LaTex/bib.bib
/Users/Devon/Documents/Waterloo/midSun/MechGitRepo/SpringRateProject/LaTex/bib.bib:1: Undefined control sequence.
l.1 \documentclass
                  [11pt,fleqn]{article}
The control sequence at the end of the top line
of your error message was never \def'ed. If you have
misspelled it (e.g., `\hobx'), type `I' and the correct
spelling (e.g., `I\hbox'). Otherwise just continue,
and I'll forget about whatever was undefined.

/Users/Devon/Documents/Waterloo/midSun/MechGitRepo/SpringRateProject/LaTex/bib.bib:2: Undefined control sequence.
l.2 \begin
          {document}
The control sequence at the end of the top line
of your error message was never \def'ed. If you have
misspelled it (e.g., `\hobx'), type `I' and the correct
spelling (e.g., `I\hbox'). Otherwise just continue,
and I'll forget about whatever was undefined.

[1{/usr/local/texlive/2015/texmf-var/fonts/map/pdftex/updmap/pdftex.map}] )</usr/local/texlive/2015/texmf-dist/fonts/type1/public/amsfonts/cm/cmr10.pfb>
Output written on /Users/Devon/Documents/Waterloo/midSun/MechGitRepo/SpringRateProject/LaTex/.texpadtmp/bib.pdf (1 page, 13737 bytes).
PDF statistics:
 12 PDF objects out of 1000 (max. 8388607)
 7 compressed objects within 1 object stream
 0 named destinations out of 1000 (max. 500000)
 1 words of extra memory for PDF output out of 10000 (max. 10000000)

